Using pre-set license
Built from '2022.3/staging' branch; Version is '2022.3.10f1 (ff3792e53c62) revision 16725906'; Using compiler version '192829333'; Build Type 'Release'
OS: 'Windows 11  (10.0.22621) 64bit Core' Language: 'en' Physical Memory: 32613 MB
BatchMode: 1, IsHumanControllingUs: 0, StartBugReporterOnCrash: 0, Is64bit: 1, IsPro: 1

COMMAND LINE ARGUMENTS:
B:\2022.3.10f1\Editor\Unity.exe
-adb2
-batchMode
-noUpm
-name
AssetImportWorker0
-projectPath
C:/Users/Ben/Documents/GitHub/DodgeKarts
-logFile
Logs/AssetImportWorker0.log
-srvPort
52186
Successfully changed project path to: C:/Users/Ben/Documents/GitHub/DodgeKarts
C:/Users/Ben/Documents/GitHub/DodgeKarts
[UnityMemory] Configuration Parameters - Can be set up in boot.config
    "memorysetup-bucket-allocator-granularity=16"
    "memorysetup-bucket-allocator-bucket-count=8"
    "memorysetup-bucket-allocator-block-size=33554432"
    "memorysetup-bucket-allocator-block-count=8"
    "memorysetup-main-allocator-block-size=16777216"
    "memorysetup-thread-allocator-block-size=16777216"
    "memorysetup-gfx-main-allocator-block-size=16777216"
    "memorysetup-gfx-thread-allocator-block-size=16777216"
    "memorysetup-cache-allocator-block-size=4194304"
    "memorysetup-typetree-allocator-block-size=2097152"
    "memorysetup-profiler-bucket-allocator-granularity=16"
    "memorysetup-profiler-bucket-allocator-bucket-count=8"
    "memorysetup-profiler-bucket-allocator-block-size=33554432"
    "memorysetup-profiler-bucket-allocator-block-count=8"
    "memorysetup-profiler-allocator-block-size=16777216"
    "memorysetup-profiler-editor-allocator-block-size=1048576"
    "memorysetup-temp-allocator-size-main=16777216"
    "memorysetup-job-temp-allocator-block-size=2097152"
    "memorysetup-job-temp-allocator-block-size-background=1048576"
    "memorysetup-job-temp-allocator-reduction-small-platforms=262144"
    "memorysetup-allocator-temp-initial-block-size-main=262144"
    "memorysetup-allocator-temp-initial-block-size-worker=262144"
    "memorysetup-temp-allocator-size-background-worker=32768"
    "memorysetup-temp-allocator-size-job-worker=262144"
    "memorysetup-temp-allocator-size-preload-manager=33554432"
    "memorysetup-temp-allocator-size-nav-mesh-worker=65536"
    "memorysetup-temp-allocator-size-audio-worker=65536"
    "memorysetup-temp-allocator-size-cloud-worker=32768"
    "memorysetup-temp-allocator-size-gi-baking-worker=262144"
    "memorysetup-temp-allocator-size-gfx=262144"
Player connection [39020] Host "[IP] 172.16.30.149 [Port] 0 [Flags] 2 [Guid] 743026961 [EditorId] 743026961 [Version] 1048832 [Id] WindowsEditor(7,Ben-Radeon) [Debug] 1 [PackageName] WindowsEditor [ProjectName] Editor" joined multi-casting on [225.0.0.222:54997]...

Player connection [39020] Host "[IP] 172.16.30.149 [Port] 0 [Flags] 2 [Guid] 743026961 [EditorId] 743026961 [Version] 1048832 [Id] WindowsEditor(7,Ben-Radeon) [Debug] 1 [PackageName] WindowsEditor [ProjectName] Editor" joined alternative multi-casting on [225.0.0.222:34997]...

[Physics::Module] Initialized MultithreadedJobDispatcher with 23 workers.
Refreshing native plugins compatible for Editor in 6.47 ms, found 4 plugins.
Preloading 0 native plugins for Editor in 0.00 ms.
Initialize engine version: 2022.3.10f1 (ff3792e53c62)
[Subsystems] Discovering subsystems at path B:/2022.3.10f1/Editor/Data/Resources/UnitySubsystems
[Subsystems] Discovering subsystems at path C:/Users/Ben/Documents/GitHub/DodgeKarts/Assets
GfxDevice: creating device client; threaded=0; jobified=0
Direct3D:
    Version:  Direct3D 11.0 [level 11.1]
    Renderer: AMD Radeon RX 6900 XT (ID=0x73af)
    Vendor:   ATI
    VRAM:     16338 MB
    Driver:   31.0.22011.4008
Initialize mono
Mono path[0] = 'B:/2022.3.10f1/Editor/Data/Managed'
Mono path[1] = 'B:/2022.3.10f1/Editor/Data/MonoBleedingEdge/lib/mono/unityjit-win32'
Mono config path = 'B:/2022.3.10f1/Editor/Data/MonoBleedingEdge/etc'
Using monoOptions --debugger-agent=transport=dt_socket,embedding=1,server=y,suspend=n,address=127.0.0.1:56016
Begin MonoManager ReloadAssembly
Registering precompiled unity dll's ...
Register platform support module: B:/2022.3.10f1/Editor/Data/PlaybackEngines/WebGLSupport/UnityEditor.WebGL.Extensions.dll
Register platform support module: B:/2022.3.10f1/Editor/Data/PlaybackEngines/WindowsStandaloneSupport/UnityEditor.WindowsStandalone.Extensions.dll
Registered in 0.001778 seconds.
- Loaded All Assemblies, in  0.197 seconds
Native extension for WindowsStandalone target not found
Native extension for WebGL target not found
Mono: successfully reloaded assembly
- Finished resetting the current domain, in  0.156 seconds
Domain Reload Profiling: 353ms
	BeginReloadAssembly (64ms)
		ExecutionOrderSort (0ms)
		DisableScriptedObjects (0ms)
		BackupInstance (0ms)
		ReleaseScriptingObjects (0ms)
		CreateAndSetChildDomain (1ms)
	RebuildCommonClasses (20ms)
	RebuildNativeTypeToScriptingClass (9ms)
	initialDomainReloadingComplete (27ms)
	LoadAllAssembliesAndSetupDomain (77ms)
		LoadAssemblies (64ms)
		RebuildTransferFunctionScriptingTraits (0ms)
		AnalyzeDomain (76ms)
			TypeCache.Refresh (75ms)
				TypeCache.ScanAssembly (67ms)
			ScanForSourceGeneratedMonoScriptInfo (0ms)
			ResolveRequiredComponents (0ms)
	FinalizeReload (157ms)
		ReleaseScriptCaches (0ms)
		RebuildScriptCaches (0ms)
		SetupLoadedEditorAssemblies (121ms)
			LogAssemblyErrors (0ms)
			InitializePlatformSupportModulesInManaged (5ms)
			SetLoadedEditorAssemblies (3ms)
			RefreshPlugins (0ms)
			BeforeProcessingInitializeOnLoad (1ms)
			ProcessInitializeOnLoadAttributes (81ms)
			ProcessInitializeOnLoadMethodAttributes (30ms)
			AfterProcessingInitializeOnLoad (0ms)
			EditorAssembliesLoaded (0ms)
		ExecutionOrderSort2 (0ms)
		AwakeInstancesAfterBackupRestoration (0ms)
========================================================================
Worker process is ready to serve import requests
Begin MonoManager ReloadAssembly
- Loaded All Assemblies, in  0.378 seconds
Refreshing native plugins compatible for Editor in 2.28 ms, found 4 plugins.
Native extension for WindowsStandalone target not found
Native extension for WebGL target not found
Package Manager log level set to [2]
[Package Manager] Server::EnsureServerProcessIsRunning -- launch failed, reason: Unity was launched with the -noUpm command-line argument
[Package Manager] UpmClient::Send -- Unable to send message (not connected to UPM process).
[Package Manager] Cannot connect to Unity Package Manager local server
Mono: successfully reloaded assembly
- Finished resetting the current domain, in  0.495 seconds
Domain Reload Profiling: 872ms
	BeginReloadAssembly (78ms)
		ExecutionOrderSort (0ms)
		DisableScriptedObjects (4ms)
		BackupInstance (0ms)
		ReleaseScriptingObjects (0ms)
		CreateAndSetChildDomain (11ms)
	RebuildCommonClasses (17ms)
	RebuildNativeTypeToScriptingClass (5ms)
	initialDomainReloadingComplete (21ms)
	LoadAllAssembliesAndSetupDomain (254ms)
		LoadAssemblies (177ms)
		RebuildTransferFunctionScriptingTraits (0ms)
		AnalyzeDomain (123ms)
			TypeCache.Refresh (101ms)
				TypeCache.ScanAssembly (92ms)
			ScanForSourceGeneratedMonoScriptInfo (16ms)
			ResolveRequiredComponents (5ms)
	FinalizeReload (495ms)
		ReleaseScriptCaches (0ms)
		RebuildScriptCaches (0ms)
		SetupLoadedEditorAssemblies (399ms)
			LogAssemblyErrors (0ms)
			InitializePlatformSupportModulesInManaged (3ms)
			SetLoadedEditorAssemblies (3ms)
			RefreshPlugins (0ms)
			BeforeProcessingInitializeOnLoad (47ms)
			ProcessInitializeOnLoadAttributes (302ms)
			ProcessInitializeOnLoadMethodAttributes (43ms)
			AfterProcessingInitializeOnLoad (1ms)
			EditorAssembliesLoaded (0ms)
		ExecutionOrderSort2 (0ms)
		AwakeInstancesAfterBackupRestoration (4ms)
Launched and connected shader compiler UnityShaderCompiler.exe after 0.02 seconds
Refreshing native plugins compatible for Editor in 2.28 ms, found 4 plugins.
Preloading 0 native plugins for Editor in 0.00 ms.
Unloading 5654 Unused Serialized files (Serialized files now loaded: 0)
Unloading 84 unused Assets / (64.9 KB). Loaded Objects now: 6118.
Memory consumption went from 217.6 MB to 217.6 MB.
Total: 2.643300 ms (FindLiveObjects: 0.220600 ms CreateObjectMapping: 0.095400 ms MarkObjects: 2.228300 ms  DeleteObjects: 0.098400 ms)

AssetImportParameters requested are different than current active one (requested -> active):
  custom:container-demuxer-ogg: 62fdf1f143b41e24485cea50d1cbac27 -> 
  custom:video-decoder-ogg-theora: a1e56fd34408186e4bbccfd4996cb3dc -> 
  custom:framework-win-MediaFoundation: 216162199b28c13a410421893ffa2e32 -> 
  custom:container-demuxer-webm: 4f35f7cbe854078d1ac9338744f61a02 -> 
  custom:container-muxer-webm: aa71ff27fc2769a1b78a27578f13a17b -> 
  custom:video-decoder-webm-vp8: 9c59270c3fd7afecdb556c50c9e8de78 -> 
  custom:AudioImporter_EditorPlatform: d09bf68614088b80899f8185d706f6e7 -> 
  custom:video-encoder-webm-vp8: eb34c28f22e8b96e1ab97ce403110664 -> 
  custom:audio-decoder-ogg-vorbis: bf7c407c2cedff20999df2af8eb42d56 -> 
  custom:audio-encoder-webm-vorbis: bf7c407c2cedff20999df2af8eb42d56 -> 
========================================================================
Received Import Request.
  Time since last request: 655920.142644 seconds.
  path: Assets/Sprites/TruckSpriteSheet.png
  artifactKey: Guid(8c690012ad1c92246bbe276ed014fa55) Importer(815301076,1909f56bfc062723c751e8b465ee728b)
Start importing Assets/Sprites/TruckSpriteSheet.png using Guid(8c690012ad1c92246bbe276ed014fa55) Importer(815301076,1909f56bfc062723c751e8b465ee728b)  -> (artifact id: 'd00789bd3d9312e4feec00fdb118583b') in 0.061694 seconds
Number of updated asset objects reloaded before import = 0
Number of asset objects unloaded after import = 3
========================================================================
Received Import Request.
  Time since last request: 0.000016 seconds.
  path: Assets/Sprites/VanNormalMap.png
  artifactKey: Guid(6f71a7f5e0baae443bd471b7aa1835ac) Importer(815301076,1909f56bfc062723c751e8b465ee728b)
Start importing Assets/Sprites/VanNormalMap.png using Guid(6f71a7f5e0baae443bd471b7aa1835ac) Importer(815301076,1909f56bfc062723c751e8b465ee728b)  -> (artifact id: '17918e75e74bbc3d3616bd0cac6ec0c1') in 0.010416 seconds
Number of updated asset objects reloaded before import = 0
Number of asset objects unloaded after import = 3
========================================================================
Received Import Request.
  Time since last request: 0.000009 seconds.
  path: Assets/Sprites/TruckNormalMap.png
  artifactKey: Guid(e2d5b167a4fbadf43a6521db2dd79fd1) Importer(815301076,1909f56bfc062723c751e8b465ee728b)
Start importing Assets/Sprites/TruckNormalMap.png using Guid(e2d5b167a4fbadf43a6521db2dd79fd1) Importer(815301076,1909f56bfc062723c751e8b465ee728b)  -> (artifact id: '6da99aaf683987ca7169310d7b5a65ef') in 0.009463 seconds
Number of updated asset objects reloaded before import = 0
Number of asset objects unloaded after import = 3
========================================================================
Received Import Request.
  Time since last request: 0.000010 seconds.
  path: Assets/Sprites/Van.png
  artifactKey: Guid(6acadc1266e690f4ebb6a9c79225251a) Importer(815301076,1909f56bfc062723c751e8b465ee728b)
Start importing Assets/Sprites/Van.png using Guid(6acadc1266e690f4ebb6a9c79225251a) Importer(815301076,1909f56bfc062723c751e8b465ee728b)  -> (artifact id: '4d619210549471374235ff56f70d346f') in 0.009210 seconds
Number of updated asset objects reloaded before import = 0
Number of asset objects unloaded after import = 3
========================================================================
Received Prepare
Refreshing native plugins compatible for Editor in 2.26 ms, found 4 plugins.
Preloading 0 native plugins for Editor in 0.00 ms.
Unloading 2 Unused Serialized files (Serialized files now loaded: 0)
Unloading 2 unused Assets / (5.4 KB). Loaded Objects now: 6125.
Memory consumption went from 107.3 MB to 107.3 MB.
Total: 2.525500 ms (FindLiveObjects: 0.223100 ms CreateObjectMapping: 0.098900 ms MarkObjects: 2.189500 ms  DeleteObjects: 0.013500 ms)

Prepare: number of updated asset objects reloaded= 0
AssetImportParameters requested are different than current active one (requested -> active):
  custom:container-demuxer-ogg: 62fdf1f143b41e24485cea50d1cbac27 -> 
  custom:video-decoder-ogg-theora: a1e56fd34408186e4bbccfd4996cb3dc -> 
  custom:framework-win-MediaFoundation: 216162199b28c13a410421893ffa2e32 -> 
  custom:CustomObjectIndexerAttribute: a3ef5dd2817f97addfee359851a9dba5 -> 
  custom:container-demuxer-webm: 4f35f7cbe854078d1ac9338744f61a02 -> 
  custom:container-muxer-webm: aa71ff27fc2769a1b78a27578f13a17b -> 
  custom:video-decoder-webm-vp8: 9c59270c3fd7afecdb556c50c9e8de78 -> 
  custom:SearchIndexIgnoredProperties: e643bd26f0fe6173181afceb89e7c659 -> 
  custom:AudioImporter_EditorPlatform: d09bf68614088b80899f8185d706f6e7 -> 
  custom:video-encoder-webm-vp8: eb34c28f22e8b96e1ab97ce403110664 -> 
  custom:audio-decoder-ogg-vorbis: bf7c407c2cedff20999df2af8eb42d56 -> 
  custom:audio-encoder-webm-vorbis: bf7c407c2cedff20999df2af8eb42d56 -> 
========================================================================
Received Import Request.
  Time since last request: 11.315602 seconds.
  path: Assets/Sprites/TruckNormalMap.png
  artifactKey: Guid(e2d5b167a4fbadf43a6521db2dd79fd1) Importer(815301076,1909f56bfc062723c751e8b465ee728b)
Start importing Assets/Sprites/TruckNormalMap.png using Guid(e2d5b167a4fbadf43a6521db2dd79fd1) Importer(815301076,1909f56bfc062723c751e8b465ee728b)  -> (artifact id: '6c9b69b076c148d56dc03af247e63c88') in 0.007375 seconds
Number of updated asset objects reloaded before import = 0
Number of asset objects unloaded after import = 2
========================================================================
Received Import Request.
  Time since last request: 10.762553 seconds.
  path: Assets/Sprites/VanNormalMap.png
  artifactKey: Guid(6f71a7f5e0baae443bd471b7aa1835ac) Importer(815301076,1909f56bfc062723c751e8b465ee728b)
Start importing Assets/Sprites/VanNormalMap.png using Guid(6f71a7f5e0baae443bd471b7aa1835ac) Importer(815301076,1909f56bfc062723c751e8b465ee728b)  -> (artifact id: 'bde24c6c3c3d0c5bd8a988ac3c258a7b') in 0.009027 seconds
Number of updated asset objects reloaded before import = 0
Number of asset objects unloaded after import = 2
========================================================================
Received Import Request.
  Time since last request: 12.688283 seconds.
  path: Assets/Sprites/Van.png
  artifactKey: Guid(6acadc1266e690f4ebb6a9c79225251a) Importer(815301076,1909f56bfc062723c751e8b465ee728b)
Start importing Assets/Sprites/Van.png using Guid(6acadc1266e690f4ebb6a9c79225251a) Importer(815301076,1909f56bfc062723c751e8b465ee728b)  -> (artifact id: 'fbf2e983993c7e260806783e58047188') in 0.008802 seconds
Number of updated asset objects reloaded before import = 0
Number of asset objects unloaded after import = 2
========================================================================
Received Import Request.
  Time since last request: 0.000010 seconds.
  path: Assets/Sprites/TruckSpriteSheet.png
  artifactKey: Guid(8c690012ad1c92246bbe276ed014fa55) Importer(815301076,1909f56bfc062723c751e8b465ee728b)
Start importing Assets/Sprites/TruckSpriteSheet.png using Guid(8c690012ad1c92246bbe276ed014fa55) Importer(815301076,1909f56bfc062723c751e8b465ee728b)  -> (artifact id: 'd7fd1792cb2d0cf0aa82ba05a48e5286') in 0.007783 seconds
Number of updated asset objects reloaded before import = 0
Number of asset objects unloaded after import = 2
========================================================================
Received Import Request.
  Time since last request: 50.003451 seconds.
  path: Assets/Sprites/TruckSpriteSheet.png
  artifactKey: Guid(8c690012ad1c92246bbe276ed014fa55) Importer(815301076,1909f56bfc062723c751e8b465ee728b)
Start importing Assets/Sprites/TruckSpriteSheet.png using Guid(8c690012ad1c92246bbe276ed014fa55) Importer(815301076,1909f56bfc062723c751e8b465ee728b)  -> (artifact id: '32597ad0c73a9ecbd4a9dba77002c0c9') in 0.017826 seconds
Number of updated asset objects reloaded before import = 0
Number of asset objects unloaded after import = 8
========================================================================
Received Import Request.
  Time since last request: 18.327433 seconds.
  path: Assets/Sprites/Van.png
  artifactKey: Guid(6acadc1266e690f4ebb6a9c79225251a) Importer(815301076,1909f56bfc062723c751e8b465ee728b)
Start importing Assets/Sprites/Van.png using Guid(6acadc1266e690f4ebb6a9c79225251a) Importer(815301076,1909f56bfc062723c751e8b465ee728b)  -> (artifact id: 'a29dbbc6f94fac56ddba40e121cdd3fc') in 0.020493 seconds
Number of updated asset objects reloaded before import = 0
Number of asset objects unloaded after import = 8
========================================================================
Received Import Request.
  Time since last request: 7.078461 seconds.
  path: Assets/Sprites/Materials/Sedan_Cyan.mat
  artifactKey: Guid(50a9e13f5a984ba4f8aa49d731254ee0) Importer(815301076,1909f56bfc062723c751e8b465ee728b)
Start importing Assets/Sprites/Materials/Sedan_Cyan.mat using Guid(50a9e13f5a984ba4f8aa49d731254ee0) Importer(815301076,1909f56bfc062723c751e8b465ee728b)  -> (artifact id: '4740370d9fb1f7ef4102023a6e70d0da') in 0.125145 seconds
Number of updated asset objects reloaded before import = 0
Number of asset objects unloaded after import = 5
========================================================================
Received Import Request.
  Time since last request: 0.000011 seconds.
  path: Assets/Sprites/Materials/Sedan_Yellow.mat
  artifactKey: Guid(d762b30798d6a854c956059f6c696337) Importer(815301076,1909f56bfc062723c751e8b465ee728b)
Start importing Assets/Sprites/Materials/Sedan_Yellow.mat using Guid(d762b30798d6a854c956059f6c696337) Importer(815301076,1909f56bfc062723c751e8b465ee728b)  -> (artifact id: 'c26da3ed16f05f3a6bb1fb8f1064c447') in 0.011968 seconds
Number of updated asset objects reloaded before import = 0
Number of asset objects unloaded after import = 4
========================================================================
Received Import Request.
  Time since last request: 0.000018 seconds.
  path: Assets/Sprites/Materials/Sedan_Silver 2.mat
  artifactKey: Guid(2705a8207376e2345be3b0ed1a409e21) Importer(815301076,1909f56bfc062723c751e8b465ee728b)
Start importing Assets/Sprites/Materials/Sedan_Silver 2.mat using Guid(2705a8207376e2345be3b0ed1a409e21) Importer(815301076,1909f56bfc062723c751e8b465ee728b)  -> (artifact id: '0d88d7b2ff4400335f639bf07141f4d4') in 0.007851 seconds
Number of updated asset objects reloaded before import = 0
Number of asset objects unloaded after import = 4
========================================================================
Received Import Request.
  Time since last request: 0.000029 seconds.
  path: Assets/Sprites/Materials/Sedan_Red.mat
  artifactKey: Guid(71eb20d56c1cb8747ad8ae905b4941b6) Importer(815301076,1909f56bfc062723c751e8b465ee728b)
Start importing Assets/Sprites/Materials/Sedan_Red.mat using Guid(71eb20d56c1cb8747ad8ae905b4941b6) Importer(815301076,1909f56bfc062723c751e8b465ee728b)  -> (artifact id: 'a5dcf8aba55f908b082ff055d2ab307f') in 0.008546 seconds
Number of updated asset objects reloaded before import = 0
Number of asset objects unloaded after import = 4
========================================================================
Received Import Request.
  Time since last request: 0.000010 seconds.
  path: Assets/Sprites/Materials/Sedan_Pink.mat
  artifactKey: Guid(a87b9f0fe7744ca438ca4e8cce8bcc5f) Importer(815301076,1909f56bfc062723c751e8b465ee728b)
Start importing Assets/Sprites/Materials/Sedan_Pink.mat using Guid(a87b9f0fe7744ca438ca4e8cce8bcc5f) Importer(815301076,1909f56bfc062723c751e8b465ee728b)  -> (artifact id: '33d7fc505daf96bfcc7d443f9bafa75f') in 0.008803 seconds
Number of updated asset objects reloaded before import = 0
Number of asset objects unloaded after import = 4
========================================================================
Received Import Request.
  Time since last request: 4.972751 seconds.
  path: Assets/Sprites/Materials/Sedan_Yellow 1.mat
  artifactKey: Guid(ac017d2ce80935947ba3ee035a9224ed) Importer(815301076,1909f56bfc062723c751e8b465ee728b)
Start importing Assets/Sprites/Materials/Sedan_Yellow 1.mat using Guid(ac017d2ce80935947ba3ee035a9224ed) Importer(815301076,1909f56bfc062723c751e8b465ee728b)  -> (artifact id: 'c885ccf5b2d7b17355766c5d2140c029') in 0.012324 seconds
Number of updated asset objects reloaded before import = 0
Number of asset objects unloaded after import = 4
========================================================================
Received Import Request.
  Time since last request: 4.389064 seconds.
  path: Assets/TextMesh Pro/Sprites/EmojiOne.png
  artifactKey: Guid(dffef66376be4fa480fb02b19edbe903) Importer(815301076,1909f56bfc062723c751e8b465ee728b)
Start importing Assets/TextMesh Pro/Sprites/EmojiOne.png using Guid(dffef66376be4fa480fb02b19edbe903) Importer(815301076,1909f56bfc062723c751e8b465ee728b)  -> (artifact id: '38c1555238c5324de4d2a16ed0f7fd86') in 0.009104 seconds
Number of updated asset objects reloaded before import = 0
Number of asset objects unloaded after import = 2
========================================================================
Received Import Request.
  Time since last request: 0.000071 seconds.
  path: Assets/TextMesh Pro/Resources/Fonts & Materials/LiberationSans SDF - Fallback.asset
  artifactKey: Guid(2e498d1c8094910479dc3e1b768306a4) Importer(815301076,1909f56bfc062723c751e8b465ee728b)
Start importing Assets/TextMesh Pro/Resources/Fonts & Materials/LiberationSans SDF - Fallback.asset using Guid(2e498d1c8094910479dc3e1b768306a4) Importer(815301076,1909f56bfc062723c751e8b465ee728b)  -> (artifact id: '6501685b473e99b29db88a1d9b22ce07') in 0.021337 seconds
Number of updated asset objects reloaded before import = 0
Number of asset objects unloaded after import = 7
========================================================================
Received Import Request.
  Time since last request: 0.000014 seconds.
  path: Assets/TextMesh Pro/Resources/Fonts & Materials/LiberationSans SDF.asset
  artifactKey: Guid(8f586378b4e144a9851e7b34d9b748ee) Importer(815301076,1909f56bfc062723c751e8b465ee728b)
Start importing Assets/TextMesh Pro/Resources/Fonts & Materials/LiberationSans SDF.asset using Guid(8f586378b4e144a9851e7b34d9b748ee) Importer(815301076,1909f56bfc062723c751e8b465ee728b)  -> (artifact id: 'd62c88f9c86adea606e0a32e8dd2dd59') in 0.023741 seconds
Number of updated asset objects reloaded before import = 0
Number of asset objects unloaded after import = 10
========================================================================
Received Import Request.
  Time since last request: 22.296531 seconds.
  path: Assets/Sprites/Materials/Truck_Yellow 1.mat
  artifactKey: Guid(ac017d2ce80935947ba3ee035a9224ed) Importer(815301076,1909f56bfc062723c751e8b465ee728b)
Start importing Assets/Sprites/Materials/Truck_Yellow 1.mat using Guid(ac017d2ce80935947ba3ee035a9224ed) Importer(815301076,1909f56bfc062723c751e8b465ee728b)  -> (artifact id: '41d4a2f1f043a93fa6cfab591a16349a') in 0.012232 seconds
Number of updated asset objects reloaded before import = 0
Number of asset objects unloaded after import = 4
========================================================================
Received Import Request.
  Time since last request: 269.265994 seconds.
  path: Assets/Sprites/TruckSpriteSheet.png
  artifactKey: Guid(8c690012ad1c92246bbe276ed014fa55) Importer(815301076,1909f56bfc062723c751e8b465ee728b)
Start importing Assets/Sprites/TruckSpriteSheet.png using Guid(8c690012ad1c92246bbe276ed014fa55) Importer(815301076,1909f56bfc062723c751e8b465ee728b)  -> (artifact id: '7e9790c67f72341f24cee9e6f49eaefd') in 0.015592 seconds
Number of updated asset objects reloaded before import = 0
Number of asset objects unloaded after import = 8
========================================================================
Received Import Request.
  Time since last request: 93.835400 seconds.
  path: Assets/Sprites/Materials/Truck_Purple.mat
  artifactKey: Guid(ac017d2ce80935947ba3ee035a9224ed) Importer(815301076,1909f56bfc062723c751e8b465ee728b)
Start importing Assets/Sprites/Materials/Truck_Purple.mat using Guid(ac017d2ce80935947ba3ee035a9224ed) Importer(815301076,1909f56bfc062723c751e8b465ee728b)  -> (artifact id: '86f4f8335b36a6b9194b94c1ef6f9a41') in 0.013230 seconds
Number of updated asset objects reloaded before import = 0
Number of asset objects unloaded after import = 4
========================================================================
Received Import Request.
  Time since last request: 26.250490 seconds.
  path: Assets/Prefabs/Truck Variant.prefab
  artifactKey: Guid(9627bd22d9b7aa04eb231da8c0630a4f) Importer(815301076,1909f56bfc062723c751e8b465ee728b)
Start importing Assets/Prefabs/Truck Variant.prefab using Guid(9627bd22d9b7aa04eb231da8c0630a4f) Importer(815301076,1909f56bfc062723c751e8b465ee728b)  -> (artifact id: 'a1a9b7c8717bf553f5b0c45186a779a1') in 0.023632 seconds
Number of updated asset objects reloaded before import = 0
Number of asset objects unloaded after import = 36
========================================================================
Received Import Request.
  Time since last request: 8.131057 seconds.
  path: Assets/Prefabs/Truck Variant.prefab
  artifactKey: Guid(9627bd22d9b7aa04eb231da8c0630a4f) Importer(815301076,1909f56bfc062723c751e8b465ee728b)
Start importing Assets/Prefabs/Truck Variant.prefab using Guid(9627bd22d9b7aa04eb231da8c0630a4f) Importer(815301076,1909f56bfc062723c751e8b465ee728b) The Animator Controller (TruckSpriteSheet_0) you have used is not valid. Animations will not play
UnityEngine.StackTraceUtility:ExtractStackTrace ()
UnityEditor.EditorUtility:Internal_InstantiateRemoveAllNonAnimationComponentsSingle (UnityEngine.Object,UnityEngine.Vector3,UnityEngine.Quaternion)
UnityEditor.EditorUtility:InstantiateRemoveAllNonAnimationComponents (UnityEngine.Object,UnityEngine.Vector3,UnityEngine.Quaternion)
UnityEditor.EditorUtility:InstantiateForAnimatorPreview (UnityEngine.Object)
UnityEditor.GameObjectInspector/PreviewData:UpdateGameObject (UnityEngine.Object)
UnityEditor.GameObjectInspector/PreviewData:.ctor (UnityEngine.Object,bool)
UnityEditor.GameObjectInspector:GetPreviewData (bool)
UnityEditor.GameObjectInspector:RenderStaticPreview (string,UnityEngine.Object[],int,int)
UnityEditor.AssetPreviewUpdater:CreatePreview (UnityEngine.Object,UnityEngine.Object[],string,int,int)
UnityEditor.AssetPreviewUpdater:CreatePreviewForAsset (UnityEngine.Object,UnityEngine.Object[],string)

[C:\build\output\unity\unity\Modules\Animation\Director\AnimatorControllerPlayable.cpp line 333]

 -> (artifact id: 'de3765cddf059f21fcbe785a5e0dacf1') in 0.009963 seconds
Number of updated asset objects reloaded before import = 0
Number of asset objects unloaded after import = 37
========================================================================
Received Import Request.
  Time since last request: 23.049321 seconds.
  path: Assets/Sprites/Van.png
  artifactKey: Guid(6acadc1266e690f4ebb6a9c79225251a) Importer(815301076,1909f56bfc062723c751e8b465ee728b)
Start importing Assets/Sprites/Van.png using Guid(6acadc1266e690f4ebb6a9c79225251a) Importer(815301076,1909f56bfc062723c751e8b465ee728b)  -> (artifact id: 'cf3c97d08078eb7df6d0f5311512d718') in 0.016824 seconds
Number of updated asset objects reloaded before import = 0
Number of asset objects unloaded after import = 8
========================================================================
Received Import Request.
  Time since last request: 10.132923 seconds.
  path: Assets/Sprites/Materials/Sedan_Yellow.mat
  artifactKey: Guid(d762b30798d6a854c956059f6c696337) Importer(815301076,1909f56bfc062723c751e8b465ee728b)
Start importing Assets/Sprites/Materials/Sedan_Yellow.mat using Guid(d762b30798d6a854c956059f6c696337) Importer(815301076,1909f56bfc062723c751e8b465ee728b)  -> (artifact id: '6279c5cd0cb2bc9bd368b17c1dd021b5') in 0.011620 seconds
Number of updated asset objects reloaded before import = 0
Number of asset objects unloaded after import = 7
========================================================================
Received Import Request.
  Time since last request: 0.000015 seconds.
  path: Assets/Sprites/Materials/Truck_Purple 1.mat
  artifactKey: Guid(ccde341a93967f943b04bf1bf2042c81) Importer(815301076,1909f56bfc062723c751e8b465ee728b)
Start importing Assets/Sprites/Materials/Truck_Purple 1.mat using Guid(ccde341a93967f943b04bf1bf2042c81) Importer(815301076,1909f56bfc062723c751e8b465ee728b)  -> (artifact id: 'f8f4f603b4c3b037ce37b93504d87f87') in 0.011684 seconds
Number of updated asset objects reloaded before import = 0
Number of asset objects unloaded after import = 4
========================================================================
Received Import Request.
  Time since last request: 7.543409 seconds.
  path: Assets/Sprites/Materials/Van_Purple 1.mat
  artifactKey: Guid(ccde341a93967f943b04bf1bf2042c81) Importer(815301076,1909f56bfc062723c751e8b465ee728b)
Start importing Assets/Sprites/Materials/Van_Purple 1.mat using Guid(ccde341a93967f943b04bf1bf2042c81) Importer(815301076,1909f56bfc062723c751e8b465ee728b)  -> (artifact id: '45a7f387a7191997c536536feb547c27') in 0.009389 seconds
Number of updated asset objects reloaded before import = 0
Number of asset objects unloaded after import = 4
========================================================================
Received Import Request.
  Time since last request: 70.122853 seconds.
  path: Assets/Sprites/TruckSpriteSheet.png
  artifactKey: Guid(8c690012ad1c92246bbe276ed014fa55) Importer(815301076,1909f56bfc062723c751e8b465ee728b)
Start importing Assets/Sprites/TruckSpriteSheet.png using Guid(8c690012ad1c92246bbe276ed014fa55) Importer(815301076,1909f56bfc062723c751e8b465ee728b)  -> (artifact id: 'e01480900fc5e994fdacba0a31df0f58') in 0.015743 seconds
Number of updated asset objects reloaded before import = 0
Number of asset objects unloaded after import = 8
========================================================================
Received Import Request.
  Time since last request: 26.793893 seconds.
  path: Assets/Sprites/TruckSpriteSheet.png
  artifactKey: Guid(8c690012ad1c92246bbe276ed014fa55) Importer(815301076,1909f56bfc062723c751e8b465ee728b)
Start importing Assets/Sprites/TruckSpriteSheet.png using Guid(8c690012ad1c92246bbe276ed014fa55) Importer(815301076,1909f56bfc062723c751e8b465ee728b)  -> (artifact id: '73ab851416f9a3c4ec626038b70673ee') in 0.027099 seconds
Number of updated asset objects reloaded before import = 0
Number of asset objects unloaded after import = 8
========================================================================
Received Import Request.
  Time since last request: 31.038895 seconds.
  path: Assets/Sprites/Van.png
  artifactKey: Guid(6acadc1266e690f4ebb6a9c79225251a) Importer(815301076,1909f56bfc062723c751e8b465ee728b)
Start importing Assets/Sprites/Van.png using Guid(6acadc1266e690f4ebb6a9c79225251a) Importer(815301076,1909f56bfc062723c751e8b465ee728b)  -> (artifact id: '9aa7469eb069c2129c95675ab80b331f') in 0.025375 seconds
Number of updated asset objects reloaded before import = 0
Number of asset objects unloaded after import = 8
========================================================================
Received Import Request.
  Time since last request: 11.341568 seconds.
  path: Assets/Prefabs/Car_0 6.prefab
  artifactKey: Guid(f02de5a2ad5876d488d244a9473c640b) Importer(815301076,1909f56bfc062723c751e8b465ee728b)
Start importing Assets/Prefabs/Car_0 6.prefab using Guid(f02de5a2ad5876d488d244a9473c640b) Importer(815301076,1909f56bfc062723c751e8b465ee728b)  -> (artifact id: '1b5aef0dff2b58769ba05628b39398fa') in 0.015876 seconds
Number of updated asset objects reloaded before import = 0
Number of asset objects unloaded after import = 26
========================================================================
Received Import Request.
  Time since last request: 0.000024 seconds.
  path: Assets/Prefabs/Truck Variant.prefab
  artifactKey: Guid(9627bd22d9b7aa04eb231da8c0630a4f) Importer(815301076,1909f56bfc062723c751e8b465ee728b)
Start importing Assets/Prefabs/Truck Variant.prefab using Guid(9627bd22d9b7aa04eb231da8c0630a4f) Importer(815301076,1909f56bfc062723c751e8b465ee728b)  -> (artifact id: '49845282abcebdb3085ebe5e2be75b0b') in 0.016511 seconds
Number of updated asset objects reloaded before import = 0
Number of asset objects unloaded after import = 45
========================================================================
Received Import Request.
  Time since last request: 15.503511 seconds.
  path: Assets/Prefabs/Van.prefab
  artifactKey: Guid(7fcb214c5ccc0c54ebca87879f356146) Importer(815301076,1909f56bfc062723c751e8b465ee728b)
Start importing Assets/Prefabs/Van.prefab using Guid(7fcb214c5ccc0c54ebca87879f356146) Importer(815301076,1909f56bfc062723c751e8b465ee728b)  -> (artifact id: '8e3d959063d938a8897a91930a642d2a') in 0.009994 seconds
Number of updated asset objects reloaded before import = 0
Number of asset objects unloaded after import = 47
========================================================================
Received Import Request.
  Time since last request: 36.935222 seconds.
  path: Assets/Sprites/Materials/Sedan_Yellow.mat
  artifactKey: Guid(d762b30798d6a854c956059f6c696337) Importer(815301076,1909f56bfc062723c751e8b465ee728b)
Start importing Assets/Sprites/Materials/Sedan_Yellow.mat using Guid(d762b30798d6a854c956059f6c696337) Importer(815301076,1909f56bfc062723c751e8b465ee728b)  -> (artifact id: 'f35f6a30b95f3b28cde715309907c5df') in 0.010780 seconds
Number of updated asset objects reloaded before import = 0
Number of asset objects unloaded after import = 7
========================================================================
Received Import Request.
  Time since last request: 0.000011 seconds.
  path: Assets/Sprites/Materials/Truck_Purple.mat
  artifactKey: Guid(ac017d2ce80935947ba3ee035a9224ed) Importer(815301076,1909f56bfc062723c751e8b465ee728b)
Start importing Assets/Sprites/Materials/Truck_Purple.mat using Guid(ac017d2ce80935947ba3ee035a9224ed) Importer(815301076,1909f56bfc062723c751e8b465ee728b)  -> (artifact id: '9ceb3e09906165374ee94a5d8ba91a62') in 0.012409 seconds
Number of updated asset objects reloaded before import = 0
Number of asset objects unloaded after import = 4
========================================================================
Received Import Request.
  Time since last request: 3.071219 seconds.
  path: Assets/Sprites/Materials/Truck_Purple 1.mat
  artifactKey: Guid(9f60b1c1abe1a984a96c2b54f8028f8a) Importer(815301076,1909f56bfc062723c751e8b465ee728b)
Start importing Assets/Sprites/Materials/Truck_Purple 1.mat using Guid(9f60b1c1abe1a984a96c2b54f8028f8a) Importer(815301076,1909f56bfc062723c751e8b465ee728b)  -> (artifact id: '3c5772af1f0d7c243d05f74ea2a88eb5') in 0.010005 seconds
Number of updated asset objects reloaded before import = 0
Number of asset objects unloaded after import = 4
========================================================================
Received Import Request.
  Time since last request: 0.000011 seconds.
  path: Assets/Sprites/Materials/Van_Purple 1.mat
  artifactKey: Guid(ccde341a93967f943b04bf1bf2042c81) Importer(815301076,1909f56bfc062723c751e8b465ee728b)
Start importing Assets/Sprites/Materials/Van_Purple 1.mat using Guid(ccde341a93967f943b04bf1bf2042c81) Importer(815301076,1909f56bfc062723c751e8b465ee728b)  -> (artifact id: '14a51b099abd8ab6ff818421ede79db4') in 0.010590 seconds
Number of updated asset objects reloaded before import = 0
Number of asset objects unloaded after import = 4
========================================================================
Received Import Request.
  Time since last request: 0.000015 seconds.
  path: Assets/Sprites/Materials/Van_Purple 2.mat
  artifactKey: Guid(7025d9b7ef1a3a54c9ed599b45781bec) Importer(815301076,1909f56bfc062723c751e8b465ee728b)
Start importing Assets/Sprites/Materials/Van_Purple 2.mat using Guid(7025d9b7ef1a3a54c9ed599b45781bec) Importer(815301076,1909f56bfc062723c751e8b465ee728b)  -> (artifact id: '3721ee7839f81a7eb0b3ccb085bf0ef4') in 0.008875 seconds
Number of updated asset objects reloaded before import = 0
Number of asset objects unloaded after import = 4
========================================================================
Received Import Request.
  Time since last request: 22.940022 seconds.
  path: Assets/Sprites/Materials/Truck_Purple 1.mat
  artifactKey: Guid(9f60b1c1abe1a984a96c2b54f8028f8a) Importer(815301076,1909f56bfc062723c751e8b465ee728b)
Start importing Assets/Sprites/Materials/Truck_Purple 1.mat using Guid(9f60b1c1abe1a984a96c2b54f8028f8a) Importer(815301076,1909f56bfc062723c751e8b465ee728b)  -> (artifact id: '7c15cfd900462df4fcea24b8f358c2fd') in 0.016956 seconds
Number of updated asset objects reloaded before import = 0
Number of asset objects unloaded after import = 4
========================================================================
Received Import Request.
  Time since last request: 0.000014 seconds.
  path: Assets/Sprites/Materials/Truck_Purple 2.mat
  artifactKey: Guid(acabc2c875231044c8d029abda2c94f2) Importer(815301076,1909f56bfc062723c751e8b465ee728b)
Start importing Assets/Sprites/Materials/Truck_Purple 2.mat using Guid(acabc2c875231044c8d029abda2c94f2) Importer(815301076,1909f56bfc062723c751e8b465ee728b)  -> (artifact id: 'deb080598057465d5d0ee493d29ee367') in 0.010513 seconds
Number of updated asset objects reloaded before import = 0
Number of asset objects unloaded after import = 4
========================================================================
Received Import Request.
  Time since last request: 0.000018 seconds.
  path: Assets/Sprites/Materials/Van_Purple 3.mat
  artifactKey: Guid(cd1bd3d4573698b40bd98c4acdd5eb7d) Importer(815301076,1909f56bfc062723c751e8b465ee728b)
Start importing Assets/Sprites/Materials/Van_Purple 3.mat using Guid(cd1bd3d4573698b40bd98c4acdd5eb7d) Importer(815301076,1909f56bfc062723c751e8b465ee728b)  -> (artifact id: '1c2ea58d198b62ae077b4c1341c54e2a') in 0.009331 seconds
Number of updated asset objects reloaded before import = 0
Number of asset objects unloaded after import = 4
========================================================================
Received Import Request.
  Time since last request: 0.000018 seconds.
  path: Assets/Sprites/Materials/Van_Purple 2.mat
  artifactKey: Guid(7025d9b7ef1a3a54c9ed599b45781bec) Importer(815301076,1909f56bfc062723c751e8b465ee728b)
Start importing Assets/Sprites/Materials/Van_Purple 2.mat using Guid(7025d9b7ef1a3a54c9ed599b45781bec) Importer(815301076,1909f56bfc062723c751e8b465ee728b)  -> (artifact id: 'a1fa686c8e0faddf6ecac12b0b16600a') in 0.007691 seconds
Number of updated asset objects reloaded before import = 0
Number of asset objects unloaded after import = 4
========================================================================
Received Import Request.
  Time since last request: 22.831096 seconds.
  path: Assets/Sprites/Materials/Truck_Purple 2.mat
  artifactKey: Guid(acabc2c875231044c8d029abda2c94f2) Importer(815301076,1909f56bfc062723c751e8b465ee728b)
Start importing Assets/Sprites/Materials/Truck_Purple 2.mat using Guid(acabc2c875231044c8d029abda2c94f2) Importer(815301076,1909f56bfc062723c751e8b465ee728b)  -> (artifact id: 'faafde5a7834dc6111b7267170f2bcfa') in 0.011157 seconds
Number of updated asset objects reloaded before import = 0
Number of asset objects unloaded after import = 4
========================================================================
Received Import Request.
  Time since last request: 0.000014 seconds.
  path: Assets/Sprites/Materials/Van_Purple 4.mat
  artifactKey: Guid(aec4e763074a2694f89cf08b9c87b49d) Importer(815301076,1909f56bfc062723c751e8b465ee728b)
Start importing Assets/Sprites/Materials/Van_Purple 4.mat using Guid(aec4e763074a2694f89cf08b9c87b49d) Importer(815301076,1909f56bfc062723c751e8b465ee728b)  -> (artifact id: '3f4d8349fdbd2b20983d92e832baf7f0') in 0.010379 seconds
Number of updated asset objects reloaded before import = 0
Number of asset objects unloaded after import = 4
========================================================================
Received Import Request.
  Time since last request: 0.000021 seconds.
  path: Assets/Sprites/Materials/Truck_Purple 3.mat
  artifactKey: Guid(1b44adb501de6dd4293094227d492531) Importer(815301076,1909f56bfc062723c751e8b465ee728b)
Start importing Assets/Sprites/Materials/Truck_Purple 3.mat using Guid(1b44adb501de6dd4293094227d492531) Importer(815301076,1909f56bfc062723c751e8b465ee728b)  -> (artifact id: '978f20cfd7032f0a603b30efa5a40652') in 0.010403 seconds
Number of updated asset objects reloaded before import = 0
Number of asset objects unloaded after import = 4
========================================================================
Received Import Request.
  Time since last request: 0.000012 seconds.
  path: Assets/Sprites/Materials/Van_Purple 3.mat
  artifactKey: Guid(cd1bd3d4573698b40bd98c4acdd5eb7d) Importer(815301076,1909f56bfc062723c751e8b465ee728b)
Start importing Assets/Sprites/Materials/Van_Purple 3.mat using Guid(cd1bd3d4573698b40bd98c4acdd5eb7d) Importer(815301076,1909f56bfc062723c751e8b465ee728b)  -> (artifact id: '9d60b3ff01271476d9a47cbfa55962a9') in 0.008402 seconds
Number of updated asset objects reloaded before import = 0
Number of asset objects unloaded after import = 4
========================================================================
Received Import Request.
  Time since last request: 45.601891 seconds.
  path: Assets/Sprites/Materials/Truck_Purple 3.mat
  artifactKey: Guid(1b44adb501de6dd4293094227d492531) Importer(815301076,1909f56bfc062723c751e8b465ee728b)
Start importing Assets/Sprites/Materials/Truck_Purple 3.mat using Guid(1b44adb501de6dd4293094227d492531) Importer(815301076,1909f56bfc062723c751e8b465ee728b)  -> (artifact id: '7cd94ac60e0e07514c857ad67861786f') in 0.012093 seconds
Number of updated asset objects reloaded before import = 0
Number of asset objects unloaded after import = 4
========================================================================
Received Import Request.
  Time since last request: 0.000015 seconds.
  path: Assets/Sprites/Materials/Van_Purple 4.mat
  artifactKey: Guid(aec4e763074a2694f89cf08b9c87b49d) Importer(815301076,1909f56bfc062723c751e8b465ee728b)
Start importing Assets/Sprites/Materials/Van_Purple 4.mat using Guid(aec4e763074a2694f89cf08b9c87b49d) Importer(815301076,1909f56bfc062723c751e8b465ee728b)  -> (artifact id: '2192bfb068695d0c5fce76b5fb8ae096') in 0.011813 seconds
Number of updated asset objects reloaded before import = 0
Number of asset objects unloaded after import = 4
========================================================================
Received Import Request.
  Time since last request: 0.000012 seconds.
  path: Assets/Sprites/Materials/Truck_Purple 4.mat
  artifactKey: Guid(1134cacaf9f0a484b848cfa95c59f7a7) Importer(815301076,1909f56bfc062723c751e8b465ee728b)
Start importing Assets/Sprites/Materials/Truck_Purple 4.mat using Guid(1134cacaf9f0a484b848cfa95c59f7a7) Importer(815301076,1909f56bfc062723c751e8b465ee728b)  -> (artifact id: '2daf518f1008ad60ea6b90df9bbe6dd7') in 0.010651 seconds
Number of updated asset objects reloaded before import = 0
Number of asset objects unloaded after import = 4
========================================================================
Received Import Request.
  Time since last request: 0.000027 seconds.
  path: Assets/Sprites/Materials/Van_Purple 5.mat
  artifactKey: Guid(9f214d237c1db9048b10ef72f18fbf6c) Importer(815301076,1909f56bfc062723c751e8b465ee728b)
Start importing Assets/Sprites/Materials/Van_Purple 5.mat using Guid(9f214d237c1db9048b10ef72f18fbf6c) Importer(815301076,1909f56bfc062723c751e8b465ee728b)  -> (artifact id: '394fd3e6f184ff04def6d02621df7f35') in 0.007868 seconds
Number of updated asset objects reloaded before import = 0
Number of asset objects unloaded after import = 4
========================================================================
Received Import Request.
  Time since last request: 21.109788 seconds.
  path: Assets/Sprites/Materials/Truck_Purple 4.mat
  artifactKey: Guid(1134cacaf9f0a484b848cfa95c59f7a7) Importer(815301076,1909f56bfc062723c751e8b465ee728b)
Start importing Assets/Sprites/Materials/Truck_Purple 4.mat using Guid(1134cacaf9f0a484b848cfa95c59f7a7) Importer(815301076,1909f56bfc062723c751e8b465ee728b)  -> (artifact id: '64450838c2a1a797ef303e14d29bdf4b') in 0.010505 seconds
Number of updated asset objects reloaded before import = 0
Number of asset objects unloaded after import = 4
========================================================================
Received Import Request.
  Time since last request: 0.000016 seconds.
  path: Assets/Sprites/Materials/Truck_Purple 5.mat
  artifactKey: Guid(97307266c1013e2429bbdb7a3e264027) Importer(815301076,1909f56bfc062723c751e8b465ee728b)
Start importing Assets/Sprites/Materials/Truck_Purple 5.mat using Guid(97307266c1013e2429bbdb7a3e264027) Importer(815301076,1909f56bfc062723c751e8b465ee728b)  -> (artifact id: '5b1e44002cef809aa567c7407f07f160') in 0.010519 seconds
Number of updated asset objects reloaded before import = 0
Number of asset objects unloaded after import = 4
========================================================================
Received Import Request.
  Time since last request: 0.000012 seconds.
  path: Assets/Sprites/Materials/Van_Purple 5.mat
  artifactKey: Guid(9f214d237c1db9048b10ef72f18fbf6c) Importer(815301076,1909f56bfc062723c751e8b465ee728b)
Start importing Assets/Sprites/Materials/Van_Purple 5.mat using Guid(9f214d237c1db9048b10ef72f18fbf6c) Importer(815301076,1909f56bfc062723c751e8b465ee728b)  -> (artifact id: '1407595252689d4fc93999c44a334826') in 0.011471 seconds
Number of updated asset objects reloaded before import = 0
Number of asset objects unloaded after import = 4
========================================================================
Received Import Request.
  Time since last request: 0.000012 seconds.
  path: Assets/Sprites/Materials/Van_Purple 6.mat
  artifactKey: Guid(ed03e9c6dfa0299488e44adc0c9a904c) Importer(815301076,1909f56bfc062723c751e8b465ee728b)
Start importing Assets/Sprites/Materials/Van_Purple 6.mat using Guid(ed03e9c6dfa0299488e44adc0c9a904c) Importer(815301076,1909f56bfc062723c751e8b465ee728b)  -> (artifact id: 'bab4bd7e06dad000b9f31e0370461cf7') in 0.010200 seconds
Number of updated asset objects reloaded before import = 0
Number of asset objects unloaded after import = 4
========================================================================
Received Import Request.
  Time since last request: 30.589487 seconds.
  path: Assets/Prefabs/Van.prefab
  artifactKey: Guid(7fcb214c5ccc0c54ebca87879f356146) Importer(815301076,1909f56bfc062723c751e8b465ee728b)
Start importing Assets/Prefabs/Van.prefab using Guid(7fcb214c5ccc0c54ebca87879f356146) Importer(815301076,1909f56bfc062723c751e8b465ee728b)  -> (artifact id: '9c4b4f259e50025c21394a8d8f4c57b3') in 0.015494 seconds
Number of updated asset objects reloaded before import = 0
Number of asset objects unloaded after import = 48
========================================================================
Received Import Request.
  Time since last request: 8.489945 seconds.
  path: Assets/Prefabs/Van (1) Variant.prefab
  artifactKey: Guid(3cfd9a9afe4ed0f4cacebcc4b2d99b25) Importer(815301076,1909f56bfc062723c751e8b465ee728b)
Start importing Assets/Prefabs/Van (1) Variant.prefab using Guid(3cfd9a9afe4ed0f4cacebcc4b2d99b25) Importer(815301076,1909f56bfc062723c751e8b465ee728b)  -> (artifact id: '07027145619e1482ec741327476ca149') in 0.010013 seconds
Number of updated asset objects reloaded before import = 0
Number of asset objects unloaded after import = 58
========================================================================
Received Import Request.
  Time since last request: 0.012617 seconds.
  path: Assets/Prefabs/Truck (1) Variant.prefab
  artifactKey: Guid(3972a967651d7b9449c86cb68f401001) Importer(815301076,1909f56bfc062723c751e8b465ee728b)
Start importing Assets/Prefabs/Truck (1) Variant.prefab using Guid(3972a967651d7b9449c86cb68f401001) Importer(815301076,1909f56bfc062723c751e8b465ee728b)  -> (artifact id: '0dff33e739f970b7f40f5d984cbf8970') in 0.011422 seconds
Number of updated asset objects reloaded before import = 0
Number of asset objects unloaded after import = 55
========================================================================
Received Import Request.
  Time since last request: 7.018746 seconds.
  path: Assets/Prefabs/Van (2) Variant.prefab
  artifactKey: Guid(bfa51e6892285524da4c1a251a56b43c) Importer(815301076,1909f56bfc062723c751e8b465ee728b)
Start importing Assets/Prefabs/Van (2) Variant.prefab using Guid(bfa51e6892285524da4c1a251a56b43c) Importer(815301076,1909f56bfc062723c751e8b465ee728b)  -> (artifact id: 'b6a9a79d62c0bfbdf7fdab986f72b11d') in 0.014556 seconds
Number of updated asset objects reloaded before import = 0
Number of asset objects unloaded after import = 58
========================================================================
Received Import Request.
  Time since last request: 0.008438 seconds.
  path: Assets/Prefabs/Truck (2) Variant.prefab
  artifactKey: Guid(96480437b6598084db82b2d564ad96b2) Importer(815301076,1909f56bfc062723c751e8b465ee728b)
Start importing Assets/Prefabs/Truck (2) Variant.prefab using Guid(96480437b6598084db82b2d564ad96b2) Importer(815301076,1909f56bfc062723c751e8b465ee728b)  -> (artifact id: '481f579b7b2f5c499d5f25eedd654e9c') in 0.010435 seconds
Number of updated asset objects reloaded before import = 0
Number of asset objects unloaded after import = 55
========================================================================
Received Import Request.
  Time since last request: 6.002251 seconds.
  path: Assets/Prefabs/Truck (3) Variant.prefab
  artifactKey: Guid(e10700e1fe0663f4eb0a71475e113f8c) Importer(815301076,1909f56bfc062723c751e8b465ee728b)
Start importing Assets/Prefabs/Truck (3) Variant.prefab using Guid(e10700e1fe0663f4eb0a71475e113f8c) Importer(815301076,1909f56bfc062723c751e8b465ee728b)  -> (artifact id: '06980d4ae4d512a3f80a7997b252ccc9') in 0.010660 seconds
Number of updated asset objects reloaded before import = 0
Number of asset objects unloaded after import = 55
========================================================================
Received Import Request.
  Time since last request: 0.012733 seconds.
  path: Assets/Prefabs/Van (3) Variant.prefab
  artifactKey: Guid(42bbeb813630dc741bb613edc8975acc) Importer(815301076,1909f56bfc062723c751e8b465ee728b)
Start importing Assets/Prefabs/Van (3) Variant.prefab using Guid(42bbeb813630dc741bb613edc8975acc) Importer(815301076,1909f56bfc062723c751e8b465ee728b)  -> (artifact id: '0c2e6060b987c7cf05850a5f9f40205e') in 0.010455 seconds
Number of updated asset objects reloaded before import = 0
Number of asset objects unloaded after import = 58
========================================================================
Received Import Request.
  Time since last request: 6.307682 seconds.
  path: Assets/Prefabs/Truck (4) Variant.prefab
  artifactKey: Guid(4e21394c378d5be46a80ccda535c47ae) Importer(815301076,1909f56bfc062723c751e8b465ee728b)
Start importing Assets/Prefabs/Truck (4) Variant.prefab using Guid(4e21394c378d5be46a80ccda535c47ae) Importer(815301076,1909f56bfc062723c751e8b465ee728b)  -> (artifact id: 'd47a449aabd010bc6c8fc2a61ea80478') in 0.012802 seconds
Number of updated asset objects reloaded before import = 0
Number of asset objects unloaded after import = 55
========================================================================
Received Import Request.
  Time since last request: 0.010751 seconds.
  path: Assets/Prefabs/Van (4) Variant.prefab
  artifactKey: Guid(7f70ec16a404cc849ab1bdedd9c56e57) Importer(815301076,1909f56bfc062723c751e8b465ee728b)
Start importing Assets/Prefabs/Van (4) Variant.prefab using Guid(7f70ec16a404cc849ab1bdedd9c56e57) Importer(815301076,1909f56bfc062723c751e8b465ee728b)  -> (artifact id: '1c5fd57a5822d4b0fa28f596e33ee364') in 0.010906 seconds
Number of updated asset objects reloaded before import = 0
Number of asset objects unloaded after import = 58
========================================================================
Received Import Request.
  Time since last request: 5.660807 seconds.
  path: Assets/Prefabs/Van (5) Variant.prefab
  artifactKey: Guid(91b899f499d5cc549a4c21372bf98e47) Importer(815301076,1909f56bfc062723c751e8b465ee728b)
Start importing Assets/Prefabs/Van (5) Variant.prefab using Guid(91b899f499d5cc549a4c21372bf98e47) Importer(815301076,1909f56bfc062723c751e8b465ee728b)  -> (artifact id: 'd17839a39c74fb1b97658381a1c13e8a') in 0.010899 seconds
Number of updated asset objects reloaded before import = 0
Number of asset objects unloaded after import = 58
========================================================================
Received Import Request.
  Time since last request: 0.012077 seconds.
  path: Assets/Prefabs/Truck (5) Variant.prefab
  artifactKey: Guid(a713b627ea71bfa4f81689e967e5ca71) Importer(815301076,1909f56bfc062723c751e8b465ee728b)
Start importing Assets/Prefabs/Truck (5) Variant.prefab using Guid(a713b627ea71bfa4f81689e967e5ca71) Importer(815301076,1909f56bfc062723c751e8b465ee728b)  -> (artifact id: 'f70e11be0a4dc00aa3fe276c2a261f53') in 0.011225 seconds
Number of updated asset objects reloaded before import = 0
Number of asset objects unloaded after import = 55
========================================================================
Received Prepare
Begin MonoManager ReloadAssembly
- Loaded All Assemblies, in  0.269 seconds
Refreshing native plugins compatible for Editor in 2.91 ms, found 4 plugins.
Native extension for WindowsStandalone target not found
Native extension for WebGL target not found
[Package Manager] Server::EnsureServerProcessIsRunning -- launch failed, reason: Unity was launched with the -noUpm command-line argument
[Package Manager] UpmClient::Send -- Unable to send message (not connected to UPM process).
[Package Manager] Cannot connect to Unity Package Manager local server
Mono: successfully reloaded assembly
- Finished resetting the current domain, in  0.787 seconds
Domain Reload Profiling: 1055ms
	BeginReloadAssembly (100ms)
		ExecutionOrderSort (0ms)
		DisableScriptedObjects (9ms)
		BackupInstance (0ms)
		ReleaseScriptingObjects (0ms)
		CreateAndSetChildDomain (24ms)
	RebuildCommonClasses (18ms)
	RebuildNativeTypeToScriptingClass (6ms)
	initialDomainReloadingComplete (15ms)
	LoadAllAssembliesAndSetupDomain (128ms)
		LoadAssemblies (161ms)
		RebuildTransferFunctionScriptingTraits (0ms)
		AnalyzeDomain (11ms)
			TypeCache.Refresh (4ms)
				TypeCache.ScanAssembly (0ms)
			ScanForSourceGeneratedMonoScriptInfo (0ms)
			ResolveRequiredComponents (6ms)
	FinalizeReload (787ms)
		ReleaseScriptCaches (0ms)
		RebuildScriptCaches (0ms)
		SetupLoadedEditorAssemblies (400ms)
			LogAssemblyErrors (0ms)
			InitializePlatformSupportModulesInManaged (3ms)
			SetLoadedEditorAssemblies (3ms)
			RefreshPlugins (0ms)
			BeforeProcessingInitializeOnLoad (46ms)
			ProcessInitializeOnLoadAttributes (302ms)
			ProcessInitializeOnLoadMethodAttributes (44ms)
			AfterProcessingInitializeOnLoad (1ms)
			EditorAssembliesLoaded (0ms)
		ExecutionOrderSort2 (0ms)
		AwakeInstancesAfterBackupRestoration (10ms)
Refreshing native plugins compatible for Editor in 2.71 ms, found 4 plugins.
Preloading 0 native plugins for Editor in 0.00 ms.
Unloading 5487 Unused Serialized files (Serialized files now loaded: 0)
Unloading 47 unused Assets / (35.0 KB). Loaded Objects now: 6213.
Memory consumption went from 192.9 MB to 192.9 MB.
Total: 2.394200 ms (FindLiveObjects: 0.236100 ms CreateObjectMapping: 0.097700 ms MarkObjects: 2.020600 ms  DeleteObjects: 0.039200 ms)

Prepare: number of updated asset objects reloaded= 0
AssetImportParameters requested are different than current active one (requested -> active):
  custom:container-demuxer-ogg: 62fdf1f143b41e24485cea50d1cbac27 -> 
  custom:video-decoder-ogg-theora: a1e56fd34408186e4bbccfd4996cb3dc -> 
  custom:framework-win-MediaFoundation: 216162199b28c13a410421893ffa2e32 -> 
  custom:CustomObjectIndexerAttribute: a3ef5dd2817f97addfee359851a9dba5 -> 
  custom:container-demuxer-webm: 4f35f7cbe854078d1ac9338744f61a02 -> 
  custom:container-muxer-webm: aa71ff27fc2769a1b78a27578f13a17b -> 
  custom:video-decoder-webm-vp8: 9c59270c3fd7afecdb556c50c9e8de78 -> 
  custom:SearchIndexIgnoredProperties: e643bd26f0fe6173181afceb89e7c659 -> 
  custom:AudioImporter_EditorPlatform: d09bf68614088b80899f8185d706f6e7 -> 
  custom:video-encoder-webm-vp8: eb34c28f22e8b96e1ab97ce403110664 -> 
  custom:audio-decoder-ogg-vorbis: bf7c407c2cedff20999df2af8eb42d56 -> 
  custom:audio-encoder-webm-vorbis: bf7c407c2cedff20999df2af8eb42d56 -> 
========================================================================
Received Prepare
Begin MonoManager ReloadAssembly
- Loaded All Assemblies, in  0.275 seconds
Refreshing native plugins compatible for Editor in 2.28 ms, found 4 plugins.
Native extension for WindowsStandalone target not found
Native extension for WebGL target not found
[Package Manager] Server::EnsureServerProcessIsRunning -- launch failed, reason: Unity was launched with the -noUpm command-line argument
[Package Manager] UpmClient::Send -- Unable to send message (not connected to UPM process).
[Package Manager] Cannot connect to Unity Package Manager local server
Mono: successfully reloaded assembly
- Finished resetting the current domain, in  0.780 seconds
Domain Reload Profiling: 1054ms
	BeginReloadAssembly (94ms)
		ExecutionOrderSort (0ms)
		DisableScriptedObjects (6ms)
		BackupInstance (0ms)
		ReleaseScriptingObjects (0ms)
		CreateAndSetChildDomain (23ms)
	RebuildCommonClasses (17ms)
	RebuildNativeTypeToScriptingClass (7ms)
	initialDomainReloadingComplete (15ms)
	LoadAllAssembliesAndSetupDomain (141ms)
		LoadAssemblies (160ms)
		RebuildTransferFunctionScriptingTraits (0ms)
		AnalyzeDomain (25ms)
			TypeCache.Refresh (6ms)
				TypeCache.ScanAssembly (0ms)
			ScanForSourceGeneratedMonoScriptInfo (13ms)
			ResolveRequiredComponents (6ms)
	FinalizeReload (780ms)
		ReleaseScriptCaches (0ms)
		RebuildScriptCaches (0ms)
		SetupLoadedEditorAssemblies (382ms)
			LogAssemblyErrors (0ms)
			InitializePlatformSupportModulesInManaged (3ms)
			SetLoadedEditorAssemblies (3ms)
			RefreshPlugins (0ms)
			BeforeProcessingInitializeOnLoad (52ms)
			ProcessInitializeOnLoadAttributes (287ms)
			ProcessInitializeOnLoadMethodAttributes (35ms)
			AfterProcessingInitializeOnLoad (1ms)
			EditorAssembliesLoaded (0ms)
		ExecutionOrderSort2 (0ms)
		AwakeInstancesAfterBackupRestoration (9ms)
Refreshing native plugins compatible for Editor in 2.40 ms, found 4 plugins.
Preloading 0 native plugins for Editor in 0.00 ms.
Unloading 5487 Unused Serialized files (Serialized files now loaded: 0)
Unloading 47 unused Assets / (35.1 KB). Loaded Objects now: 6218.
Memory consumption went from 192.8 MB to 192.8 MB.
Total: 2.286800 ms (FindLiveObjects: 0.189700 ms CreateObjectMapping: 0.070300 ms MarkObjects: 1.984800 ms  DeleteObjects: 0.041400 ms)

Prepare: number of updated asset objects reloaded= 0
AssetImportParameters requested are different than current active one (requested -> active):
  custom:container-demuxer-ogg: 62fdf1f143b41e24485cea50d1cbac27 -> 
  custom:video-decoder-ogg-theora: a1e56fd34408186e4bbccfd4996cb3dc -> 
  custom:framework-win-MediaFoundation: 216162199b28c13a410421893ffa2e32 -> 
  custom:CustomObjectIndexerAttribute: a3ef5dd2817f97addfee359851a9dba5 -> 
  custom:container-demuxer-webm: 4f35f7cbe854078d1ac9338744f61a02 -> 
  custom:container-muxer-webm: aa71ff27fc2769a1b78a27578f13a17b -> 
  custom:video-decoder-webm-vp8: 9c59270c3fd7afecdb556c50c9e8de78 -> 
  custom:SearchIndexIgnoredProperties: e643bd26f0fe6173181afceb89e7c659 -> 
  custom:AudioImporter_EditorPlatform: d09bf68614088b80899f8185d706f6e7 -> 
  custom:video-encoder-webm-vp8: eb34c28f22e8b96e1ab97ce403110664 -> 
  custom:audio-decoder-ogg-vorbis: bf7c407c2cedff20999df2af8eb42d56 -> 
  custom:audio-encoder-webm-vorbis: bf7c407c2cedff20999df2af8eb42d56 -> 
========================================================================
Received Prepare
Begin MonoManager ReloadAssembly
- Loaded All Assemblies, in  0.254 seconds
Refreshing native plugins compatible for Editor in 2.27 ms, found 4 plugins.
Native extension for WindowsStandalone target not found
Native extension for WebGL target not found
[Package Manager] Server::EnsureServerProcessIsRunning -- launch failed, reason: Unity was launched with the -noUpm command-line argument
[Package Manager] UpmClient::Send -- Unable to send message (not connected to UPM process).
[Package Manager] Cannot connect to Unity Package Manager local server
Mono: successfully reloaded assembly
- Finished resetting the current domain, in  0.727 seconds
Domain Reload Profiling: 980ms
	BeginReloadAssembly (90ms)
		ExecutionOrderSort (0ms)
		DisableScriptedObjects (6ms)
		BackupInstance (0ms)
		ReleaseScriptingObjects (0ms)
		CreateAndSetChildDomain (21ms)
	RebuildCommonClasses (19ms)
	RebuildNativeTypeToScriptingClass (6ms)
	initialDomainReloadingComplete (13ms)
	LoadAllAssembliesAndSetupDomain (124ms)
		LoadAssemblies (155ms)
		RebuildTransferFunctionScriptingTraits (0ms)
		AnalyzeDomain (10ms)
			TypeCache.Refresh (4ms)
				TypeCache.ScanAssembly (0ms)
			ScanForSourceGeneratedMonoScriptInfo (0ms)
			ResolveRequiredComponents (6ms)
	FinalizeReload (728ms)
		ReleaseScriptCaches (0ms)
		RebuildScriptCaches (0ms)
		SetupLoadedEditorAssemblies (363ms)
			LogAssemblyErrors (0ms)
			InitializePlatformSupportModulesInManaged (3ms)
			SetLoadedEditorAssemblies (3ms)
			RefreshPlugins (0ms)
			BeforeProcessingInitializeOnLoad (45ms)
			ProcessInitializeOnLoadAttributes (268ms)
			ProcessInitializeOnLoadMethodAttributes (43ms)
			AfterProcessingInitializeOnLoad (1ms)
			EditorAssembliesLoaded (0ms)
		ExecutionOrderSort2 (0ms)
		AwakeInstancesAfterBackupRestoration (11ms)
Refreshing native plugins compatible for Editor in 2.36 ms, found 4 plugins.
Preloading 0 native plugins for Editor in 0.00 ms.
Unloading 5487 Unused Serialized files (Serialized files now loaded: 0)
Unloading 47 unused Assets / (35.0 KB). Loaded Objects now: 6223.
Memory consumption went from 192.8 MB to 192.8 MB.
Total: 2.527700 ms (FindLiveObjects: 0.205400 ms CreateObjectMapping: 0.103100 ms MarkObjects: 2.173600 ms  DeleteObjects: 0.044900 ms)

Prepare: number of updated asset objects reloaded= 0
AssetImportParameters requested are different than current active one (requested -> active):
  custom:container-demuxer-ogg: 62fdf1f143b41e24485cea50d1cbac27 -> 
  custom:video-decoder-ogg-theora: a1e56fd34408186e4bbccfd4996cb3dc -> 
  custom:framework-win-MediaFoundation: 216162199b28c13a410421893ffa2e32 -> 
  custom:CustomObjectIndexerAttribute: a3ef5dd2817f97addfee359851a9dba5 -> 
  custom:container-demuxer-webm: 4f35f7cbe854078d1ac9338744f61a02 -> 
  custom:container-muxer-webm: aa71ff27fc2769a1b78a27578f13a17b -> 
  custom:video-decoder-webm-vp8: 9c59270c3fd7afecdb556c50c9e8de78 -> 
  custom:SearchIndexIgnoredProperties: e643bd26f0fe6173181afceb89e7c659 -> 
  custom:AudioImporter_EditorPlatform: d09bf68614088b80899f8185d706f6e7 -> 
  custom:video-encoder-webm-vp8: eb34c28f22e8b96e1ab97ce403110664 -> 
  custom:audio-decoder-ogg-vorbis: bf7c407c2cedff20999df2af8eb42d56 -> 
  custom:audio-encoder-webm-vorbis: bf7c407c2cedff20999df2af8eb42d56 -> 
========================================================================
Received Prepare
Refreshing native plugins compatible for Editor in 2.77 ms, found 4 plugins.
Preloading 0 native plugins for Editor in 0.00 ms.
Unloading 2 Unused Serialized files (Serialized files now loaded: 0)
Unloading 2 unused Assets / (5.4 KB). Loaded Objects now: 6223.
Memory consumption went from 108.7 MB to 108.7 MB.
Total: 3.590400 ms (FindLiveObjects: 0.293400 ms CreateObjectMapping: 0.102300 ms MarkObjects: 3.161600 ms  DeleteObjects: 0.032000 ms)

Prepare: number of updated asset objects reloaded= 0
AssetImportParameters requested are different than current active one (requested -> active):
  custom:container-demuxer-ogg: 62fdf1f143b41e24485cea50d1cbac27 -> 
  custom:video-decoder-ogg-theora: a1e56fd34408186e4bbccfd4996cb3dc -> 
  custom:framework-win-MediaFoundation: 216162199b28c13a410421893ffa2e32 -> 
  custom:CustomObjectIndexerAttribute: a3ef5dd2817f97addfee359851a9dba5 -> 
  custom:container-demuxer-webm: 4f35f7cbe854078d1ac9338744f61a02 -> 
  custom:container-muxer-webm: aa71ff27fc2769a1b78a27578f13a17b -> 
  custom:video-decoder-webm-vp8: 9c59270c3fd7afecdb556c50c9e8de78 -> 
  custom:SearchIndexIgnoredProperties: e643bd26f0fe6173181afceb89e7c659 -> 
  custom:AudioImporter_EditorPlatform: d09bf68614088b80899f8185d706f6e7 -> 
  custom:video-encoder-webm-vp8: eb34c28f22e8b96e1ab97ce403110664 -> 
  custom:audio-decoder-ogg-vorbis: bf7c407c2cedff20999df2af8eb42d56 -> 
  custom:audio-encoder-webm-vorbis: bf7c407c2cedff20999df2af8eb42d56 -> 
